Using pre-set license
Built from '2020.3/china_unity/release' branch; Version is '2020.3.14f1c1 (ed787cdc2846) revision 15562876'; Using compiler version '192528614'; Build Type 'Release'
OS: 'Windows 10 Pro; OS build 19042.1110; Version 2009; 64bit' Language: 'zh' Physical Memory: 16263 MB
BatchMode: 1, IsHumanControllingUs: 0, StartBugReporterOnCrash: 0, Is64bit: 1, IsPro: 0

 COMMAND LINE ARGUMENTS:
C:\Program Files\Unity\Hub\Editor\2020.3.14f1c1\Editor\Unity.exe
-adb2
-batchMode
-noUpm
-name
AssetImportWorker0
-projectPath
E:/ShaderFrameworkProj
-logFile
Logs/AssetImportWorker0.log
-srvPort
60000
Successfully changed project path to: E:/ShaderFrameworkProj
E:/ShaderFrameworkProj
Using Asset Import Pipeline V2.
Refreshing native plugins compatible for Editor in 63.19 ms, found 2 plugins.
Preloading 0 native plugins for Editor in 0.00 ms.
Initialize engine version: 2020.3.14f1c1 (ed787cdc2846)
[Subsystems] Discovering subsystems at path C:/Program Files/Unity/Hub/Editor/2020.3.14f1c1/Editor/Data/Resources/UnitySubsystems
[Subsystems] Discovering subsystems at path E:/ShaderFrameworkProj/Assets
GfxDevice: creating device client; threaded=0
Direct3D:
    Version:  Direct3D 11.0 [level 11.1]
    Renderer: NVIDIA GeForce GTX 1060 3GB (ID=0x1c02)
    Vendor:   
    VRAM:     2988 MB
    Driver:   27.21.14.6192
Shader 'Universal Render Pipeline/Particles/Lit': fallback shader 'Universal Render Pipeline/Particles/SimpleLit' not found
Initialize mono
Mono path[0] = 'C:/Program Files/Unity/Hub/Editor/2020.3.14f1c1/Editor/Data/Managed'
Mono path[1] = 'C:/Program Files/Unity/Hub/Editor/2020.3.14f1c1/Editor/Data/MonoBleedingEdge/lib/mono/unityjit'
Mono config path = 'C:/Program Files/Unity/Hub/Editor/2020.3.14f1c1/Editor/Data/MonoBleedingEdge/etc'
Using monoOptions --debugger-agent=transport=dt_socket,embedding=1,server=y,suspend=n,address=127.0.0.1:56940
Begin MonoManager ReloadAssembly
Registering precompiled unity dll's ...
Register platform support module: C:/Program Files/Unity/Hub/Editor/2020.3.14f1c1/Editor/Data/PlaybackEngines/WebGLSupport/UnityEditor.WebGL.Extensions.dll
Register platform support module: C:/Program Files/Unity/Hub/Editor/2020.3.14f1c1/Editor/Data/PlaybackEngines/WindowsStandaloneSupport/UnityEditor.WindowsStandalone.Extensions.dll
Registered in 0.002115 seconds.
Native extension for WindowsStandalone target not found
Native extension for WebGL target not found
Refreshing native plugins compatible for Editor in 75.71 ms, found 2 plugins.
Preloading 0 native plugins for Editor in 0.00 ms.
Mono: successfully reloaded assembly
- Completed reload, in  5.214 seconds
Domain Reload Profiling:
	ReloadAssembly (5215ms)
		BeginReloadAssembly (426ms)
			ExecutionOrderSort (0ms)
			DisableScriptedObjects (0ms)
			BackupInstance (0ms)
			ReleaseScriptingObjects (0ms)
			CreateAndSetChildDomain (1ms)
		EndReloadAssembly (718ms)
			LoadAssemblies (426ms)
			RebuildTransferFunctionScriptingTraits (0ms)
			SetupTypeCache (232ms)
			ReleaseScriptCaches (0ms)
			RebuildScriptCaches (49ms)
			SetupLoadedEditorAssemblies (324ms)
				LogAssemblyErrors (0ms)
				InitializePlatformSupportModulesInManaged (5ms)
				SetLoadedEditorAssemblies (0ms)
				RefreshPlugins (76ms)
				BeforeProcessingInitializeOnLoad (18ms)
				ProcessInitializeOnLoadAttributes (150ms)
				ProcessInitializeOnLoadMethodAttributes (74ms)
				AfterProcessingInitializeOnLoad (0ms)
				EditorAssembliesLoaded (0ms)
			ExecutionOrderSort2 (0ms)
			AwakeInstancesAfterBackupRestoration (0ms)
Platform modules already initialized, skipping
Registering precompiled user dll's ...
Registered in 0.013733 seconds.
Begin MonoManager ReloadAssembly
Native extension for WindowsStandalone target not found
Native extension for WebGL target not found
Refreshing native plugins compatible for Editor in 64.26 ms, found 2 plugins.
Preloading 0 native plugins for Editor in 0.00 ms.
Mono: successfully reloaded assembly
- Completed reload, in  1.687 seconds
Domain Reload Profiling:
	ReloadAssembly (1688ms)
		BeginReloadAssembly (212ms)
			ExecutionOrderSort (0ms)
			DisableScriptedObjects (6ms)
			BackupInstance (0ms)
			ReleaseScriptingObjects (0ms)
			CreateAndSetChildDomain (23ms)
		EndReloadAssembly (1392ms)
			LoadAssemblies (209ms)
			RebuildTransferFunctionScriptingTraits (0ms)
			SetupTypeCache (450ms)
			ReleaseScriptCaches (1ms)
			RebuildScriptCaches (72ms)
			SetupLoadedEditorAssemblies (509ms)
				LogAssemblyErrors (0ms)
				InitializePlatformSupportModulesInManaged (7ms)
				SetLoadedEditorAssemblies (0ms)
				RefreshPlugins (64ms)
				BeforeProcessingInitializeOnLoad (119ms)
				ProcessInitializeOnLoadAttributes (310ms)
				ProcessInitializeOnLoadMethodAttributes (6ms)
				AfterProcessingInitializeOnLoad (3ms)
				EditorAssembliesLoaded (0ms)
			ExecutionOrderSort2 (0ms)
			AwakeInstancesAfterBackupRestoration (8ms)
Platform modules already initialized, skipping
========================================================================
Worker process is ready to serve import requests
Shader 'Universal Render Pipeline/Particles/Lit': fallback shader 'Universal Render Pipeline/Particles/SimpleLit' not found
Launched and connected shader compiler UnityShaderCompiler.exe after 0.23 seconds
Refreshing native plugins compatible for Editor in 0.64 ms, found 2 plugins.
Preloading 0 native plugins for Editor in 0.00 ms.
Unloading 2898 Unused Serialized files (Serialized files now loaded: 0)
System memory in use before: 132.8 MB.
System memory in use after: 130.9 MB.

Unloading 47 unused Assets to reduce memory usage. Loaded Objects now: 3308.
Total: 5.824800 ms (FindLiveObjects: 0.644000 ms CreateObjectMapping: 0.331300 ms MarkObjects: 3.716600 ms  DeleteObjects: 1.130400 ms)

AssetImportParameters requested are different than current active one (requested -> active):
  custom:framework-win-MediaFoundation: 216162199b28c13a410421893ffa2e32 -> 
  custom:video-decoder-ogg-theora: a1e56fd34408186e4bbccfd4996cb3dc -> 
  custom:container-muxer-webm: aa71ff27fc2769a1b78a27578f13a17b -> 
  custom:container-demuxer-webm: 4f35f7cbe854078d1ac9338744f61a02 -> 
  custom:container-demuxer-ogg: 62fdf1f143b41e24485cea50d1cbac27 -> 
  custom:video-encoder-webm-vp8: eb34c28f22e8b96e1ab97ce403110664 -> 
  custom:video-decoder-webm-vp8: 9c59270c3fd7afecdb556c50c9e8de78 -> 
  custom:audio-decoder-ogg-vorbis: bf7c407c2cedff20999df2af8eb42d56 -> 
  custom:audio-encoder-webm-vorbis: bf7c407c2cedff20999df2af8eb42d56 -> 
========================================================================
Received Prepare
Shader 'Universal Render Pipeline/Particles/Lit': fallback shader 'Universal Render Pipeline/Particles/SimpleLit' not found
Refreshing native plugins compatible for Editor in 4.45 ms, found 2 plugins.
Preloading 0 native plugins for Editor in 0.00 ms.
Unloading 39 Unused Serialized files (Serialized files now loaded: 0)
System memory in use before: 71.2 MB.
System memory in use after: 69.4 MB.

Unloading 39 unused Assets to reduce memory usage. Loaded Objects now: 3308.
Total: 3.207200 ms (FindLiveObjects: 0.368700 ms CreateObjectMapping: 0.099800 ms MarkObjects: 2.135500 ms  DeleteObjects: 0.602400 ms)

AssetImportParameters requested are different than current active one (requested -> active):
  colorSpace: 0 -> 1
  custom:framework-win-MediaFoundation: 216162199b28c13a410421893ffa2e32 -> 
  custom:video-decoder-ogg-theora: a1e56fd34408186e4bbccfd4996cb3dc -> 
  custom:container-muxer-webm: aa71ff27fc2769a1b78a27578f13a17b -> 
  custom:container-demuxer-webm: 4f35f7cbe854078d1ac9338744f61a02 -> 
  custom:container-demuxer-ogg: 62fdf1f143b41e24485cea50d1cbac27 -> 
  custom:video-encoder-webm-vp8: eb34c28f22e8b96e1ab97ce403110664 -> 
  custom:video-decoder-webm-vp8: 9c59270c3fd7afecdb556c50c9e8de78 -> 
  custom:audio-decoder-ogg-vorbis: bf7c407c2cedff20999df2af8eb42d56 -> 
  custom:audio-encoder-webm-vorbis: bf7c407c2cedff20999df2af8eb42d56 -> 
========================================================================
Received Import Request.
  path: Assets/背景logo.png
  artifactKey: Guid(ab3c1e0b9dda1d44b8b44438e3404ad1) Importer(815301076,1909f56bfc062723c751e8b465ee728b)
Start importing Assets/背景logo.png using Guid(ab3c1e0b9dda1d44b8b44438e3404ad1) Importer(815301076,1909f56bfc062723c751e8b465ee728b)  -> (artifact id: '3c3c8792974ad1ec18817211297a0d55') in 0.262317 seconds 
  Import took 0.276006 seconds .

========================================================================
Received Prepare
Registering precompiled user dll's ...
Registered in 0.007197 seconds.
Begin MonoManager ReloadAssembly
Native extension for WindowsStandalone target not found
Native extension for WebGL target not found
Refreshing native plugins compatible for Editor in 0.55 ms, found 2 plugins.
Preloading 0 native plugins for Editor in 0.00 ms.
Mono: successfully reloaded assembly
- Completed reload, in  1.247 seconds
Domain Reload Profiling:
	ReloadAssembly (1248ms)
		BeginReloadAssembly (160ms)
			ExecutionOrderSort (0ms)
			DisableScriptedObjects (4ms)
			BackupInstance (0ms)
			ReleaseScriptingObjects (0ms)
			CreateAndSetChildDomain (42ms)
		EndReloadAssembly (1007ms)
			LoadAssemblies (155ms)
			RebuildTransferFunctionScriptingTraits (0ms)
			SetupTypeCache (370ms)
			ReleaseScriptCaches (2ms)
			RebuildScriptCaches (50ms)
			SetupLoadedEditorAssemblies (342ms)
				LogAssemblyErrors (0ms)
				InitializePlatformSupportModulesInManaged (5ms)
				SetLoadedEditorAssemblies (0ms)
				RefreshPlugins (1ms)
				BeforeProcessingInitializeOnLoad (114ms)
				ProcessInitializeOnLoadAttributes (212ms)
				ProcessInitializeOnLoadMethodAttributes (5ms)
				AfterProcessingInitializeOnLoad (4ms)
				EditorAssembliesLoaded (0ms)
			ExecutionOrderSort2 (0ms)
			AwakeInstancesAfterBackupRestoration (14ms)
Platform modules already initialized, skipping
Shader 'Universal Render Pipeline/Particles/Lit': fallback shader 'Universal Render Pipeline/Particles/SimpleLit' not found
Refreshing native plugins compatible for Editor in 0.64 ms, found 2 plugins.
Preloading 0 native plugins for Editor in 0.00 ms.
Unloading 2822 Unused Serialized files (Serialized files now loaded: 0)
System memory in use before: 126.5 MB.
System memory in use after: 124.7 MB.

Unloading 43 unused Assets to reduce memory usage. Loaded Objects now: 3348.
Total: 3.490700 ms (FindLiveObjects: 0.246900 ms CreateObjectMapping: 0.126500 ms MarkObjects: 2.429600 ms  DeleteObjects: 0.686100 ms)

AssetImportParameters requested are different than current active one (requested -> active):
  colorSpace: 0 -> 1
  custom:framework-win-MediaFoundation: 216162199b28c13a410421893ffa2e32 -> 
  custom:video-decoder-ogg-theora: a1e56fd34408186e4bbccfd4996cb3dc -> 
  custom:container-muxer-webm: aa71ff27fc2769a1b78a27578f13a17b -> 
  custom:container-demuxer-webm: 4f35f7cbe854078d1ac9338744f61a02 -> 
  custom:container-demuxer-ogg: 62fdf1f143b41e24485cea50d1cbac27 -> 
  custom:video-encoder-webm-vp8: eb34c28f22e8b96e1ab97ce403110664 -> 
  custom:video-decoder-webm-vp8: 9c59270c3fd7afecdb556c50c9e8de78 -> 
  custom:audio-decoder-ogg-vorbis: bf7c407c2cedff20999df2af8eb42d56 -> 
  custom:audio-encoder-webm-vorbis: bf7c407c2cedff20999df2af8eb42d56 -> 
========================================================================
Received Prepare
Shader 'Universal Render Pipeline/Particles/Lit': fallback shader 'Universal Render Pipeline/Particles/SimpleLit' not found
Refreshing native plugins compatible for Editor in 5.44 ms, found 2 plugins.
Preloading 0 native plugins for Editor in 0.00 ms.
Unloading 40 Unused Serialized files (Serialized files now loaded: 0)
System memory in use before: 71.6 MB.
System memory in use after: 69.8 MB.

Unloading 40 unused Assets to reduce memory usage. Loaded Objects now: 3348.
Total: 3.910800 ms (FindLiveObjects: 0.317900 ms CreateObjectMapping: 0.167100 ms MarkObjects: 2.527900 ms  DeleteObjects: 0.896600 ms)

AssetImportParameters requested are different than current active one (requested -> active):
  custom:framework-win-MediaFoundation: 216162199b28c13a410421893ffa2e32 -> 
  custom:video-decoder-ogg-theora: a1e56fd34408186e4bbccfd4996cb3dc -> 
  custom:container-muxer-webm: aa71ff27fc2769a1b78a27578f13a17b -> 
  custom:container-demuxer-webm: 4f35f7cbe854078d1ac9338744f61a02 -> 
  custom:container-demuxer-ogg: 62fdf1f143b41e24485cea50d1cbac27 -> 
  custom:video-encoder-webm-vp8: eb34c28f22e8b96e1ab97ce403110664 -> 
  custom:video-decoder-webm-vp8: 9c59270c3fd7afecdb556c50c9e8de78 -> 
  custom:audio-decoder-ogg-vorbis: bf7c407c2cedff20999df2af8eb42d56 -> 
  custom:audio-encoder-webm-vorbis: bf7c407c2cedff20999df2af8eb42d56 -> 
========================================================================
Received Import Request.
  Time since last request: 1410.004942 seconds.
  path: Assets/Animation/Body.controller
  artifactKey: Guid(68d88fc8d92bcdd4abfdb8c27ec7d60a) Importer(815301076,1909f56bfc062723c751e8b465ee728b)
Start importing Assets/Animation/Body.controller using Guid(68d88fc8d92bcdd4abfdb8c27ec7d60a) Importer(815301076,1909f56bfc062723c751e8b465ee728b)  -> (artifact id: '27814c8fc20fb08b222e95544a98c202') in 0.066419 seconds 
  Import took 0.075024 seconds .

========================================================================
Received Import Request.
  Time since last request: 8.670334 seconds.
  path: Assets/Animation/Shenli-Animation.controller
  artifactKey: Guid(68d88fc8d92bcdd4abfdb8c27ec7d60a) Importer(815301076,1909f56bfc062723c751e8b465ee728b)
Start importing Assets/Animation/Shenli-Animation.controller using Guid(68d88fc8d92bcdd4abfdb8c27ec7d60a) Importer(815301076,1909f56bfc062723c751e8b465ee728b)  -> (artifact id: 'ca0ec9f3d50073981600baaf7df20266') in 0.006999 seconds 
  Import took 0.012381 seconds .

========================================================================
Received Import Request.
  Time since last request: 9.343133 seconds.
  path: Assets/ShenliLinghua/Shenli_Correct.fbx
  artifactKey: Guid(44afa67ef11ca8a469abc5e79737b1fe) Importer(815301076,1909f56bfc062723c751e8b465ee728b)
Start importing Assets/ShenliLinghua/Shenli_Correct.fbx using Guid(44afa67ef11ca8a469abc5e79737b1fe) Importer(815301076,1909f56bfc062723c751e8b465ee728b)  -> (artifact id: '7abc588c66ca9334e500b8994ad37035') in 0.710101 seconds 
  Import took 0.721953 seconds .

========================================================================
Received Import Request.
  Time since last request: 11.928294 seconds.
  path: Assets/ShenliLinghua/Shenli.fbx
  artifactKey: Guid(44afa67ef11ca8a469abc5e79737b1fe) Importer(815301076,1909f56bfc062723c751e8b465ee728b)
Start importing Assets/ShenliLinghua/Shenli.fbx using Guid(44afa67ef11ca8a469abc5e79737b1fe) Importer(815301076,1909f56bfc062723c751e8b465ee728b)  -> (artifact id: '9051ca1c7c41380eb7a135a1aaf732e2') in 0.183621 seconds 
  Import took 0.193351 seconds .

========================================================================
Received Import Request.
  Time since last request: 98.001317 seconds.
  path: Assets/Materials/ShenliMaterial
  artifactKey: Guid(774c1b32cfd2d304f9157a6716eff65e) Importer(815301076,1909f56bfc062723c751e8b465ee728b)
Start importing Assets/Materials/ShenliMaterial using Guid(774c1b32cfd2d304f9157a6716eff65e) Importer(815301076,1909f56bfc062723c751e8b465ee728b)  -> (artifact id: 'b7d2fd044e8416eb0eb8511afb91a8c3') in 0.003781 seconds 
  Import took 0.009693 seconds .

========================================================================
Received Import Request.
  Time since last request: 3.848265 seconds.
  path: Assets/ShenliLinghua/tex/服.png
  artifactKey: Guid(0af3f3df40a2e0a4ebed99f04c4fcb87) Importer(815301076,1909f56bfc062723c751e8b465ee728b)
Start importing Assets/ShenliLinghua/tex/服.png using Guid(0af3f3df40a2e0a4ebed99f04c4fcb87) Importer(815301076,1909f56bfc062723c751e8b465ee728b) Requested RenderTexture with sRGB format. sRGB formats are not supported in gamma mode, fallback to a UNorm format. Use a UNorm format instead of sRGB to silence this warning.
UnityEngine.StackTraceUtility:ExtractStackTrace ()
UnityEngine.RenderTexture:GetTemporary_Internal (UnityEngine.RenderTextureDescriptor)
UnityEngine.RenderTexture:GetTemporary (UnityEngine.RenderTextureDescriptor)
UnityEngine.RenderTexture:GetTemporaryImpl (int,int,int,UnityEngine.Experimental.Rendering.GraphicsFormat,int,UnityEngine.RenderTextureMemoryless,UnityEngine.VRTextureUsage,bool)
UnityEngine.RenderTexture:GetTemporary (int,int,int,UnityEngine.Experimental.Rendering.GraphicsFormat)
UnityEditor.TextureInspector:RenderStaticPreview (string,UnityEngine.Object[],int,int)
UnityEditor.AssetPreviewUpdater:CreatePreviewForAsset (UnityEngine.Object,UnityEngine.Object[],string)

[E:\unity\Runtime/Graphics/RenderTexture.cpp line 934]

 -> (artifact id: '173c506cfa3f03eb722c683930912269') in 0.041265 seconds 
  Import took 0.048444 seconds .

========================================================================
Received Import Request.
  Time since last request: 0.000335 seconds.
  path: Assets/ShenliLinghua/tex/服_mask.png
  artifactKey: Guid(5f25cf8c8ec628346832bf5167f741ab) Importer(815301076,1909f56bfc062723c751e8b465ee728b)
Start importing Assets/ShenliLinghua/tex/服_mask.png using Guid(5f25cf8c8ec628346832bf5167f741ab) Importer(815301076,1909f56bfc062723c751e8b465ee728b) Requested RenderTexture with sRGB format. sRGB formats are not supported in gamma mode, fallback to a UNorm format. Use a UNorm format instead of sRGB to silence this warning.
UnityEngine.StackTraceUtility:ExtractStackTrace ()
UnityEngine.RenderTexture:GetTemporary_Internal (UnityEngine.RenderTextureDescriptor)
UnityEngine.RenderTexture:GetTemporary (UnityEngine.RenderTextureDescriptor)
UnityEngine.RenderTexture:GetTemporaryImpl (int,int,int,UnityEngine.Experimental.Rendering.GraphicsFormat,int,UnityEngine.RenderTextureMemoryless,UnityEngine.VRTextureUsage,bool)
UnityEngine.RenderTexture:GetTemporary (int,int,int,UnityEngine.Experimental.Rendering.GraphicsFormat)
UnityEditor.TextureInspector:RenderStaticPreview (string,UnityEngine.Object[],int,int)
UnityEditor.AssetPreviewUpdater:CreatePreviewForAsset (UnityEngine.Object,UnityEngine.Object[],string)

[E:\unity\Runtime/Graphics/RenderTexture.cpp line 934]

 -> (artifact id: '6dc5f2c0de2eb2f287ef9cb436cc8d4d') in 0.015312 seconds 
  Import took 0.020835 seconds .

========================================================================
Received Import Request.
  Time since last request: 0.000260 seconds.
  path: Assets/ShenliLinghua/tex/服_RimMask.png
  artifactKey: Guid(a52a14701217d6f49978d2bdf8bbdc79) Importer(815301076,1909f56bfc062723c751e8b465ee728b)
Start importing Assets/ShenliLinghua/tex/服_RimMask.png using Guid(a52a14701217d6f49978d2bdf8bbdc79) Importer(815301076,1909f56bfc062723c751e8b465ee728b) Requested RenderTexture with sRGB format. sRGB formats are not supported in gamma mode, fallback to a UNorm format. Use a UNorm format instead of sRGB to silence this warning.
UnityEngine.StackTraceUtility:ExtractStackTrace ()
UnityEngine.RenderTexture:GetTemporary_Internal (UnityEngine.RenderTextureDescriptor)
UnityEngine.RenderTexture:GetTemporary (UnityEngine.RenderTextureDescriptor)
UnityEngine.RenderTexture:GetTemporaryImpl (int,int,int,UnityEngine.Experimental.Rendering.GraphicsFormat,int,UnityEngine.RenderTextureMemoryless,UnityEngine.VRTextureUsage,bool)
UnityEngine.RenderTexture:GetTemporary (int,int,int,UnityEngine.Experimental.Rendering.GraphicsFormat)
UnityEditor.TextureInspector:RenderStaticPreview (string,UnityEngine.Object[],int,int)
UnityEditor.AssetPreviewUpdater:CreatePreviewForAsset (UnityEngine.Object,UnityEngine.Object[],string)

[E:\unity\Runtime/Graphics/RenderTexture.cpp line 934]

 -> (artifact id: 'ecc02a98830cf476db9643eab816109c') in 0.011950 seconds 
  Import took 0.016750 seconds .

========================================================================
Received Import Request.
  Time since last request: 23.665337 seconds.
  path: Assets/Materials/New Folder
  artifactKey: Guid(fe04a6a6f839a6846a0e7c2a6e5dc8fc) Importer(815301076,1909f56bfc062723c751e8b465ee728b)
Start importing Assets/Materials/New Folder using Guid(fe04a6a6f839a6846a0e7c2a6e5dc8fc) Importer(815301076,1909f56bfc062723c751e8b465ee728b)  -> (artifact id: '36846f2b5e27531921151cb204320828') in 0.004931 seconds 
  Import took 0.014874 seconds .

========================================================================
Received Import Request.
  Time since last request: 9.626117 seconds.
  path: Assets/Materials/BackGroundMaterials
  artifactKey: Guid(fe04a6a6f839a6846a0e7c2a6e5dc8fc) Importer(815301076,1909f56bfc062723c751e8b465ee728b)
Start importing Assets/Materials/BackGroundMaterials using Guid(fe04a6a6f839a6846a0e7c2a6e5dc8fc) Importer(815301076,1909f56bfc062723c751e8b465ee728b)  -> (artifact id: 'a7d8ddff8eb28a5334a6c2ab75d068cd') in 0.003170 seconds 
  Import took 0.008777 seconds .

========================================================================
Received Import Request.
  Time since last request: 4.552519 seconds.
  path: Assets/《原神》神里屋敷 社奉行本部/Tex/Tex_0010.png
  artifactKey: Guid(09cd78ee8e2643f45b72102696793cf6) Importer(815301076,1909f56bfc062723c751e8b465ee728b)
Start importing Assets/《原神》神里屋敷 社奉行本部/Tex/Tex_0010.png using Guid(09cd78ee8e2643f45b72102696793cf6) Importer(815301076,1909f56bfc062723c751e8b465ee728b) Requested RenderTexture with sRGB format. sRGB formats are not supported in gamma mode, fallback to a UNorm format. Use a UNorm format instead of sRGB to silence this warning.
UnityEngine.StackTraceUtility:ExtractStackTrace ()
UnityEngine.RenderTexture:GetTemporary_Internal (UnityEngine.RenderTextureDescriptor)
UnityEngine.RenderTexture:GetTemporary (UnityEngine.RenderTextureDescriptor)
UnityEngine.RenderTexture:GetTemporaryImpl (int,int,int,UnityEngine.Experimental.Rendering.GraphicsFormat,int,UnityEngine.RenderTextureMemoryless,UnityEngine.VRTextureUsage,bool)
UnityEngine.RenderTexture:GetTemporary (int,int,int,UnityEngine.Experimental.Rendering.GraphicsFormat)
UnityEditor.TextureInspector:RenderStaticPreview (string,UnityEngine.Object[],int,int)
UnityEditor.AssetPreviewUpdater:CreatePreviewForAsset (UnityEngine.Object,UnityEngine.Object[],string)

[E:\unity\Runtime/Graphics/RenderTexture.cpp line 934]

 -> (artifact id: '3cbf5f986c1e1f4da0ba07380a846e8f') in 0.014887 seconds 
  Import took 0.020658 seconds .

========================================================================
Received Import Request.
  Time since last request: 0.005237 seconds.
  path: Assets/《原神》神里屋敷 社奉行本部/Tex/Tex_0010.png
  artifactKey: Guid(09cd78ee8e2643f45b72102696793cf6) Importer(815301076,1909f56bfc062723c751e8b465ee728b)
Start importing Assets/《原神》神里屋敷 社奉行本部/Tex/Tex_0010.png using Guid(09cd78ee8e2643f45b72102696793cf6) Importer(815301076,1909f56bfc062723c751e8b465ee728b) Requested RenderTexture with sRGB format. sRGB formats are not supported in gamma mode, fallback to a UNorm format. Use a UNorm format instead of sRGB to silence this warning.
UnityEngine.StackTraceUtility:ExtractStackTrace ()
UnityEngine.RenderTexture:GetTemporary_Internal (UnityEngine.RenderTextureDescriptor)
UnityEngine.RenderTexture:GetTemporary (UnityEngine.RenderTextureDescriptor)
UnityEngine.RenderTexture:GetTemporaryImpl (int,int,int,UnityEngine.Experimental.Rendering.GraphicsFormat,int,UnityEngine.RenderTextureMemoryless,UnityEngine.VRTextureUsage,bool)
UnityEngine.RenderTexture:GetTemporary (int,int,int,UnityEngine.Experimental.Rendering.GraphicsFormat)
UnityEditor.TextureInspector:RenderStaticPreview (string,UnityEngine.Object[],int,int)
UnityEditor.AssetPreviewUpdater:CreatePreviewForAsset (UnityEngine.Object,UnityEngine.Object[],string)

[E:\unity\Runtime/Graphics/RenderTexture.cpp line 934]

 -> (artifact id: '3cbf5f986c1e1f4da0ba07380a846e8f') in 0.015932 seconds 
  Import took 0.022674 seconds .

========================================================================
Received Import Request.
  Time since last request: 5.242546 seconds.
  path: Assets/《原神》神里屋敷 社奉行本部/Materials
  artifactKey: Guid(7fa4eb21e23052a4a93b33adc2ef1ca1) Importer(815301076,1909f56bfc062723c751e8b465ee728b)
Start importing Assets/《原神》神里屋敷 社奉行本部/Materials using Guid(7fa4eb21e23052a4a93b33adc2ef1ca1) Importer(815301076,1909f56bfc062723c751e8b465ee728b)  -> (artifact id: 'f4cb03b90770f3412141a44086e1a7aa') in 0.003073 seconds 
  Import took 0.008870 seconds .

========================================================================
Received Import Request.
  Time since last request: 108.293449 seconds.
  path: Assets/GenShin House/Ray渲染材质包
  artifactKey: Guid(7ba3615c33e87cb45974444e1b7c19db) Importer(815301076,1909f56bfc062723c751e8b465ee728b)
Start importing Assets/GenShin House/Ray渲染材质包 using Guid(7ba3615c33e87cb45974444e1b7c19db) Importer(815301076,1909f56bfc062723c751e8b465ee728b)  -> (artifact id: '79821609e1e9130eceb059821216071c') in 0.003449 seconds 
  Import took 0.009838 seconds .

========================================================================
Received Import Request.
  Time since last request: 66.320130 seconds.
  path: Assets/新建文件夹
  artifactKey: Guid(e631c39c87c0cc34bb4d3319704b34a3) Importer(815301076,1909f56bfc062723c751e8b465ee728b)
Start importing Assets/新建文件夹 using Guid(e631c39c87c0cc34bb4d3319704b34a3) Importer(815301076,1909f56bfc062723c751e8b465ee728b)  -> (artifact id: '6a854ce4451a3a9a1524e2be640b96bc') in 0.003396 seconds 
  Import took 0.009219 seconds .

========================================================================
Received Import Request.
  Time since last request: 11.315196 seconds.
  path: Assets/ArtResources
  artifactKey: Guid(e631c39c87c0cc34bb4d3319704b34a3) Importer(815301076,1909f56bfc062723c751e8b465ee728b)
Start importing Assets/ArtResources using Guid(e631c39c87c0cc34bb4d3319704b34a3) Importer(815301076,1909f56bfc062723c751e8b465ee728b)  -> (artifact id: '7833ca9399fb94fe9412d44ba9eba99e') in 0.003210 seconds 
  Import took 0.008104 seconds .

========================================================================
Received Import Request.
  Time since last request: 1.921792 seconds.
  path: Assets/GenShin House
  artifactKey: Guid(075c995f54738f443aa25e393fc380a0) Importer(815301076,1909f56bfc062723c751e8b465ee728b)
Start importing Assets/GenShin House using Guid(075c995f54738f443aa25e393fc380a0) Importer(815301076,1909f56bfc062723c751e8b465ee728b)  -> (artifact id: '178ff5d3ead9304e387dd70e0ad2cb37') in 0.004272 seconds 
  Import took 0.011101 seconds .

========================================================================
Received Import Request.
  Time since last request: 7.434977 seconds.
  path: Assets/TutorialInfo
  artifactKey: Guid(49110bb8dcada46328ad741970bce702) Importer(815301076,1909f56bfc062723c751e8b465ee728b)
Start importing Assets/TutorialInfo using Guid(49110bb8dcada46328ad741970bce702) Importer(815301076,1909f56bfc062723c751e8b465ee728b)  -> (artifact id: 'f70351a472edd03278fd2d5ff4558427') in 0.003756 seconds 
  Import took 0.008789 seconds .

========================================================================
Received Import Request.
  Time since last request: 2.209815 seconds.
  path: Assets/logo.png
  artifactKey: Guid(f5e85c0a7ee2c544eacc994249e00127) Importer(815301076,1909f56bfc062723c751e8b465ee728b)
Start importing Assets/logo.png using Guid(f5e85c0a7ee2c544eacc994249e00127) Importer(815301076,1909f56bfc062723c751e8b465ee728b) Requested RenderTexture with sRGB format. sRGB formats are not supported in gamma mode, fallback to a UNorm format. Use a UNorm format instead of sRGB to silence this warning.
UnityEngine.StackTraceUtility:ExtractStackTrace ()
UnityEngine.RenderTexture:GetTemporary_Internal (UnityEngine.RenderTextureDescriptor)
UnityEngine.RenderTexture:GetTemporary (UnityEngine.RenderTextureDescriptor)
UnityEngine.RenderTexture:GetTemporaryImpl (int,int,int,UnityEngine.Experimental.Rendering.GraphicsFormat,int,UnityEngine.RenderTextureMemoryless,UnityEngine.VRTextureUsage,bool)
UnityEngine.RenderTexture:GetTemporary (int,int,int,UnityEngine.Experimental.Rendering.GraphicsFormat)
UnityEditor.TextureInspector:RenderStaticPreview (string,UnityEngine.Object[],int,int)
UnityEditor.AssetPreviewUpdater:CreatePreviewForAsset (UnityEngine.Object,UnityEngine.Object[],string)

[E:\unity\Runtime/Graphics/RenderTexture.cpp line 934]

Requested RenderTexture with sRGB format. sRGB formats are not supported in gamma mode, fallback to a UNorm format. Use a UNorm format instead of sRGB to silence this warning.
UnityEngine.StackTraceUtility:ExtractStackTrace ()
UnityEngine.RenderTexture:GetTemporary_Internal (UnityEngine.RenderTextureDescriptor)
UnityEngine.RenderTexture:GetTemporary (UnityEngine.RenderTextureDescriptor)
UnityEngine.RenderTexture:GetTemporaryImpl (int,int,int,UnityEngine.Experimental.Rendering.GraphicsFormat,int,UnityEngine.RenderTextureMemoryless,UnityEngine.VRTextureUsage,bool)
UnityEngine.RenderTexture:GetTemporary (int,int,int,UnityEngine.Experimental.Rendering.GraphicsFormat)
UnityEditor.SpriteInspector:BuildPreviewTexture (int,int,UnityEngine.Sprite,UnityEngine.Material,bool)
UnityEditor.SpriteInspector:RenderStaticPreview (string,UnityEngine.Object[],int,int)
UnityEditor.AssetPreviewUpdater:CreatePreviewForAsset (UnityEngine.Object,UnityEngine.Object[],string)

[E:\unity\Runtime/Graphics/RenderTexture.cpp line 934]

 -> (artifact id: '51de7350c0c4310d517e69809bcc464e') in 0.128950 seconds 
  Import took 0.135638 seconds .

========================================================================
Received Prepare
Shader 'Universal Render Pipeline/Particles/Lit': fallback shader 'Universal Render Pipeline/Particles/SimpleLit' not found
Refreshing native plugins compatible for Editor in 5.58 ms, found 2 plugins.
Preloading 0 native plugins for Editor in 0.00 ms.
Unloading 40 Unused Serialized files (Serialized files now loaded: 0)
System memory in use before: 90.7 MB.
System memory in use after: 88.9 MB.

Unloading 40 unused Assets to reduce memory usage. Loaded Objects now: 3457.
Total: 786.959700 ms (FindLiveObjects: 0.498600 ms CreateObjectMapping: 0.150800 ms MarkObjects: 784.985300 ms  DeleteObjects: 1.323200 ms)

AssetImportParameters requested are different than current active one (requested -> active):
  custom:framework-win-MediaFoundation: 216162199b28c13a410421893ffa2e32 -> 
  custom:video-decoder-ogg-theora: a1e56fd34408186e4bbccfd4996cb3dc -> 
  custom:container-muxer-webm: aa71ff27fc2769a1b78a27578f13a17b -> 
  custom:container-demuxer-webm: 4f35f7cbe854078d1ac9338744f61a02 -> 
  custom:container-demuxer-ogg: 62fdf1f143b41e24485cea50d1cbac27 -> 
  custom:video-encoder-webm-vp8: eb34c28f22e8b96e1ab97ce403110664 -> 
  custom:video-decoder-webm-vp8: 9c59270c3fd7afecdb556c50c9e8de78 -> 
  custom:audio-decoder-ogg-vorbis: bf7c407c2cedff20999df2af8eb42d56 -> 
  custom:audio-encoder-webm-vorbis: bf7c407c2cedff20999df2af8eb42d56 -> 
========================================================================
Received Prepare
Registering precompiled user dll's ...
Registered in 0.029575 seconds.
Begin MonoManager ReloadAssembly
Native extension for WindowsStandalone target not found
Native extension for WebGL target not found
Refreshing native plugins compatible for Editor in 0.75 ms, found 2 plugins.
Preloading 0 native plugins for Editor in 0.00 ms.
Mono: successfully reloaded assembly
- Completed reload, in  2.522 seconds
Domain Reload Profiling:
	ReloadAssembly (2524ms)
		BeginReloadAssembly (619ms)
			ExecutionOrderSort (0ms)
			DisableScriptedObjects (62ms)
			BackupInstance (0ms)
			ReleaseScriptingObjects (0ms)
			CreateAndSetChildDomain (332ms)
		EndReloadAssembly (1801ms)
			LoadAssemblies (261ms)
			RebuildTransferFunctionScriptingTraits (9ms)
			SetupTypeCache (631ms)
			ReleaseScriptCaches (2ms)
			RebuildScriptCaches (78ms)
			SetupLoadedEditorAssemblies (615ms)
				LogAssemblyErrors (0ms)
				InitializePlatformSupportModulesInManaged (7ms)
				SetLoadedEditorAssemblies (1ms)
				RefreshPlugins (1ms)
				BeforeProcessingInitializeOnLoad (214ms)
				ProcessInitializeOnLoadAttributes (382ms)
				ProcessInitializeOnLoadMethodAttributes (5ms)
				AfterProcessingInitializeOnLoad (4ms)
				EditorAssembliesLoaded (1ms)
			ExecutionOrderSort2 (0ms)
			AwakeInstancesAfterBackupRestoration (26ms)
Platform modules already initialized, skipping
Shader 'Universal Render Pipeline/Particles/Lit': fallback shader 'Universal Render Pipeline/Particles/SimpleLit' not found
Refreshing native plugins compatible for Editor in 1.30 ms, found 2 plugins.
Preloading 0 native plugins for Editor in 0.00 ms.
Unloading 2822 Unused Serialized files (Serialized files now loaded: 0)
System memory in use before: 146.0 MB.
System memory in use after: 144.2 MB.

Unloading 43 unused Assets to reduce memory usage. Loaded Objects now: 3434.
Total: 5.578500 ms (FindLiveObjects: 0.491200 ms CreateObjectMapping: 0.361800 ms MarkObjects: 3.533100 ms  DeleteObjects: 1.190400 ms)

AssetImportParameters requested are different than current active one (requested -> active):
  custom:framework-win-MediaFoundation: 216162199b28c13a410421893ffa2e32 -> 
  custom:video-decoder-ogg-theora: a1e56fd34408186e4bbccfd4996cb3dc -> 
  custom:container-muxer-webm: aa71ff27fc2769a1b78a27578f13a17b -> 
  custom:container-demuxer-webm: 4f35f7cbe854078d1ac9338744f61a02 -> 
  custom:container-demuxer-ogg: 62fdf1f143b41e24485cea50d1cbac27 -> 
  custom:video-encoder-webm-vp8: eb34c28f22e8b96e1ab97ce403110664 -> 
  custom:video-decoder-webm-vp8: 9c59270c3fd7afecdb556c50c9e8de78 -> 
  custom:audio-decoder-ogg-vorbis: bf7c407c2cedff20999df2af8eb42d56 -> 
  custom:audio-encoder-webm-vorbis: bf7c407c2cedff20999df2af8eb42d56 -> 
========================================================================
Received Import Request.
  Time since last request: 4732.992622 seconds.
  path: Assets/ToonShade/Shader/ToonLitOutline.shader
  artifactKey: Guid(a7ba8dc624514a33ba5f1854859647b0) Importer(815301076,1909f56bfc062723c751e8b465ee728b)
Start importing Assets/ToonShade/Shader/ToonLitOutline.shader using Guid(a7ba8dc624514a33ba5f1854859647b0) Importer(815301076,1909f56bfc062723c751e8b465ee728b)  -> (artifact id: 'f3e4aac013387cc07833abc30a7aefce') in 0.566842 seconds 
  Import took 0.582424 seconds .

========================================================================
Received Import Request.
  Time since last request: 1073.986059 seconds.
  path: Assets/ToonSample.unity
  artifactKey: Guid(4989729d9d825e144ac7363297b8859c) Importer(815301076,1909f56bfc062723c751e8b465ee728b)
Start importing Assets/ToonSample.unity using Guid(4989729d9d825e144ac7363297b8859c) Importer(815301076,1909f56bfc062723c751e8b465ee728b)  -> (artifact id: '05d62b990dcb282cded67343475c037f') in 0.035322 seconds 
  Import took 0.040667 seconds .

========================================================================
Received Import Request.
  Time since last request: 87.828507 seconds.
  path: Assets/Materials/BackGroundMaterials/004.mat
  artifactKey: Guid(1302af55ab460b24f96de55ef553a73d) Importer(815301076,1909f56bfc062723c751e8b465ee728b)
Start importing Assets/Materials/BackGroundMaterials/004.mat using Guid(1302af55ab460b24f96de55ef553a73d) Importer(815301076,1909f56bfc062723c751e8b465ee728b)  -> (artifact id: 'ccf0dcb10f820f8699aa5c533cd9fa38') in 1.349727 seconds 
  Import took 1.357988 seconds .

========================================================================
Received Import Request.
  Time since last request: 0.004798 seconds.
  path: Assets/Materials/ShenliMaterial/Hair-Eye.mat
  artifactKey: Guid(40926cd1974969e468dd8127aaaf0d2d) Importer(815301076,1909f56bfc062723c751e8b465ee728b)
Start importing Assets/Materials/ShenliMaterial/Hair-Eye.mat using Guid(40926cd1974969e468dd8127aaaf0d2d) Importer(815301076,1909f56bfc062723c751e8b465ee728b)  -> (artifact id: 'c26c5fbdf201c9309ca76c978ddb38cc') in 0.240534 seconds 
  Import took 0.245197 seconds .

========================================================================
Received Import Request.
  Time since last request: 0.028407 seconds.
  path: Assets/ArtResources/GenShin House/Tex/Tex_0005.png
  artifactKey: Guid(bfddf73d0e2530043b934f522df2b8c0) Importer(815301076,1909f56bfc062723c751e8b465ee728b)
Start importing Assets/ArtResources/GenShin House/Tex/Tex_0005.png using Guid(bfddf73d0e2530043b934f522df2b8c0) Importer(815301076,1909f56bfc062723c751e8b465ee728b) Requested RenderTexture with sRGB format. sRGB formats are not supported in gamma mode, fallback to a UNorm format. Use a UNorm format instead of sRGB to silence this warning.
UnityEngine.StackTraceUtility:ExtractStackTrace ()
UnityEngine.RenderTexture:GetTemporary_Internal (UnityEngine.RenderTextureDescriptor)
UnityEngine.RenderTexture:GetTemporary (UnityEngine.RenderTextureDescriptor)
UnityEngine.RenderTexture:GetTemporaryImpl (int,int,int,UnityEngine.Experimental.Rendering.GraphicsFormat,int,UnityEngine.RenderTextureMemoryless,UnityEngine.VRTextureUsage,bool)
UnityEngine.RenderTexture:GetTemporary (int,int,int,UnityEngine.Experimental.Rendering.GraphicsFormat)
UnityEditor.TextureInspector:RenderStaticPreview (string,UnityEngine.Object[],int,int)
UnityEditor.AssetPreviewUpdater:CreatePreviewForAsset (UnityEngine.Object,UnityEngine.Object[],string)

[E:\unity\Runtime/Graphics/RenderTexture.cpp line 934]

 -> (artifact id: 'bb9b59ae83089b38c17fc92f5169723a') in 0.059925 seconds 
  Import took 0.064362 seconds .

========================================================================
Received Import Request.
  Time since last request: 0.031265 seconds.
  path: Assets/ArtResources/GenShin House/Tex/Tex_0003.png
  artifactKey: Guid(f7342a6142d85ef4199f2174d0a3b2e1) Importer(815301076,1909f56bfc062723c751e8b465ee728b)
Start importing Assets/ArtResources/GenShin House/Tex/Tex_0003.png using Guid(f7342a6142d85ef4199f2174d0a3b2e1) Importer(815301076,1909f56bfc062723c751e8b465ee728b) Requested RenderTexture with sRGB format. sRGB formats are not supported in gamma mode, fallback to a UNorm format. Use a UNorm format instead of sRGB to silence this warning.
UnityEngine.StackTraceUtility:ExtractStackTrace ()
UnityEngine.RenderTexture:GetTemporary_Internal (UnityEngine.RenderTextureDescriptor)
UnityEngine.RenderTexture:GetTemporary (UnityEngine.RenderTextureDescriptor)
UnityEngine.RenderTexture:GetTemporaryImpl (int,int,int,UnityEngine.Experimental.Rendering.GraphicsFormat,int,UnityEngine.RenderTextureMemoryless,UnityEngine.VRTextureUsage,bool)
UnityEngine.RenderTexture:GetTemporary (int,int,int,UnityEngine.Experimental.Rendering.GraphicsFormat)
UnityEditor.TextureInspector:RenderStaticPreview (string,UnityEngine.Object[],int,int)
UnityEditor.AssetPreviewUpdater:CreatePreviewForAsset (UnityEngine.Object,UnityEngine.Object[],string)

[E:\unity\Runtime/Graphics/RenderTexture.cpp line 934]

 -> (artifact id: 'c253d4568243c0056a4784c02a057d4a') in 0.028614 seconds 
  Import took 0.032735 seconds .

========================================================================
Received Import Request.
  Time since last request: 0.005231 seconds.
  path: Assets/Materials/BackGroundMaterials/008.mat
  artifactKey: Guid(eac33dbb710992548a163e5a4da50725) Importer(815301076,1909f56bfc062723c751e8b465ee728b)
Start importing Assets/Materials/BackGroundMaterials/008.mat using Guid(eac33dbb710992548a163e5a4da50725) Importer(815301076,1909f56bfc062723c751e8b465ee728b)  -> (artifact id: '3661572f899e2c82cd454263e8e9f23c') in 0.031094 seconds 
  Import took 0.035202 seconds .

========================================================================
Received Import Request.
  Time since last request: 0.004341 seconds.
  path: Assets/Materials/BackGroundMaterials/010.mat
  artifactKey: Guid(b72845434fd45c0498ae59a2716ef212) Importer(815301076,1909f56bfc062723c751e8b465ee728b)
Start importing Assets/Materials/BackGroundMaterials/010.mat using Guid(b72845434fd45c0498ae59a2716ef212) Importer(815301076,1909f56bfc062723c751e8b465ee728b)  -> (artifact id: '15001c944f7cdf95fde35234a9b935da') in 0.049601 seconds 
  Import took 0.053814 seconds .

========================================================================
Received Import Request.
  Time since last request: 0.004067 seconds.
  path: Assets/Materials/BackGroundMaterials/007.mat
  artifactKey: Guid(0c0ad36501f931a48a4db52d66942608) Importer(815301076,1909f56bfc062723c751e8b465ee728b)
Start importing Assets/Materials/BackGroundMaterials/007.mat using Guid(0c0ad36501f931a48a4db52d66942608) Importer(815301076,1909f56bfc062723c751e8b465ee728b)  -> (artifact id: '6cc079ff8cb9b0922ec30c5f4e73102c') in 0.021740 seconds 
  Import took 0.026308 seconds .

========================================================================
Received Import Request.
  Time since last request: 0.003931 seconds.
  path: Assets/ToonShade/Shader/ToonLitFunctions.hlsl
  artifactKey: Guid(db4e7ac31db444f79e94f703a7844a6c) Importer(815301076,1909f56bfc062723c751e8b465ee728b)
Start importing Assets/ToonShade/Shader/ToonLitFunctions.hlsl using Guid(db4e7ac31db444f79e94f703a7844a6c) Importer(815301076,1909f56bfc062723c751e8b465ee728b)  -> (artifact id: 'f33db70b9079d2525730f937458132e9') in 0.056278 seconds 
  Import took 0.061501 seconds .

========================================================================
Received Import Request.
  Time since last request: 0.063995 seconds.
  path: Assets/ToonShade/Shader/ToonLitForward.hlsl
  artifactKey: Guid(1e2abe4288a245089f9e688a5892365f) Importer(815301076,1909f56bfc062723c751e8b465ee728b)
Start importing Assets/ToonShade/Shader/ToonLitForward.hlsl using Guid(1e2abe4288a245089f9e688a5892365f) Importer(815301076,1909f56bfc062723c751e8b465ee728b)  -> (artifact id: '7e8f8263848b4507690ab6a6773da2fc') in 0.064248 seconds 
  Import took 0.068437 seconds .

========================================================================
Received Import Request.
  Time since last request: 0.073905 seconds.
  path: Assets/TutorialInfo/Scripts/Editor/ReadmeEditor.cs
  artifactKey: Guid(476cc7d7cd9874016adc216baab94a0a) Importer(815301076,1909f56bfc062723c751e8b465ee728b)
Start importing Assets/TutorialInfo/Scripts/Editor/ReadmeEditor.cs using Guid(476cc7d7cd9874016adc216baab94a0a) Importer(815301076,1909f56bfc062723c751e8b465ee728b)  -> (artifact id: 'f36a1292aee4dc108bd2660891b7db3a') in 0.020699 seconds 
  Import took 0.029954 seconds .

========================================================================
Received Import Request.
  Time since last request: 0.250727 seconds.
  path: Assets/Materials/ShenliMaterial/Face.mat
  artifactKey: Guid(3256a02fcb9f0a24c86cc0ead3287cbc) Importer(815301076,1909f56bfc062723c751e8b465ee728b)
Start importing Assets/Materials/ShenliMaterial/Face.mat using Guid(3256a02fcb9f0a24c86cc0ead3287cbc) Importer(815301076,1909f56bfc062723c751e8b465ee728b)  -> (artifact id: '606431ebad4755eae904fecd336059d0') in 0.297587 seconds 
  Import took 0.301884 seconds .

========================================================================
Received Import Request.
  Time since last request: 0.051870 seconds.
  path: Assets/TutorialInfo/Scripts/Readme.cs
  artifactKey: Guid(fcf7219bab7fe46a1ad266029b2fee19) Importer(815301076,1909f56bfc062723c751e8b465ee728b)
Start importing Assets/TutorialInfo/Scripts/Readme.cs using Guid(fcf7219bab7fe46a1ad266029b2fee19) Importer(815301076,1909f56bfc062723c751e8b465ee728b)  -> (artifact id: 'ae1d22629d21296a1416924aa0934115') in 0.002621 seconds 
  Import took 0.006825 seconds .

========================================================================
Received Import Request.
  Time since last request: 0.003185 seconds.
  path: Assets/Materials/BackGroundMaterials/005.mat
  artifactKey: Guid(b69b17b6dd11f1045ba349f5f64e302e) Importer(815301076,1909f56bfc062723c751e8b465ee728b)
Start importing Assets/Materials/BackGroundMaterials/005.mat using Guid(b69b17b6dd11f1045ba349f5f64e302e) Importer(815301076,1909f56bfc062723c751e8b465ee728b)  -> (artifact id: 'b22df78362a9f836b5830498d577b81e') in 0.011109 seconds 
  Import took 0.015397 seconds .

========================================================================
Received Import Request.
  Time since last request: 0.022710 seconds.
  path: Assets/ToonShade/Shader/ToonLitInput.hlsl
  artifactKey: Guid(7cc9a012a7ff40d3a83c16511c8ce0ec) Importer(815301076,1909f56bfc062723c751e8b465ee728b)
Start importing Assets/ToonShade/Shader/ToonLitInput.hlsl using Guid(7cc9a012a7ff40d3a83c16511c8ce0ec) Importer(815301076,1909f56bfc062723c751e8b465ee728b)  -> (artifact id: '09fbecfb6c6c8d3129af0ca0e2b0ac94') in 0.018055 seconds 
  Import took 0.022304 seconds .

========================================================================
Received Import Request.
  Time since last request: 0.017571 seconds.
  path: Assets/ArtResources/GenShin House/Tex/Tex_0007.png
  artifactKey: Guid(107ea209682b6d84d8d0e28cf9176196) Importer(815301076,1909f56bfc062723c751e8b465ee728b)
Start importing Assets/ArtResources/GenShin House/Tex/Tex_0007.png using Guid(107ea209682b6d84d8d0e28cf9176196) Importer(815301076,1909f56bfc062723c751e8b465ee728b) Requested RenderTexture with sRGB format. sRGB formats are not supported in gamma mode, fallback to a UNorm format. Use a UNorm format instead of sRGB to silence this warning.
UnityEngine.StackTraceUtility:ExtractStackTrace ()
UnityEngine.RenderTexture:GetTemporary_Internal (UnityEngine.RenderTextureDescriptor)
UnityEngine.RenderTexture:GetTemporary (UnityEngine.RenderTextureDescriptor)
UnityEngine.RenderTexture:GetTemporaryImpl (int,int,int,UnityEngine.Experimental.Rendering.GraphicsFormat,int,UnityEngine.RenderTextureMemoryless,UnityEngine.VRTextureUsage,bool)
UnityEngine.RenderTexture:GetTemporary (int,int,int,UnityEngine.Experimental.Rendering.GraphicsFormat)
UnityEditor.TextureInspector:RenderStaticPreview (string,UnityEngine.Object[],int,int)
UnityEditor.AssetPreviewUpdater:CreatePreviewForAsset (UnityEngine.Object,UnityEngine.Object[],string)

[E:\unity\Runtime/Graphics/RenderTexture.cpp line 934]

 -> (artifact id: '1d9e599d3f680b21dd457613506faff8') in 0.008304 seconds 
  Import took 0.012611 seconds .

========================================================================
Received Import Request.
  Time since last request: 0.023253 seconds.
  path: Assets/Scripts/DrawNormals.cs
  artifactKey: Guid(fe9dc2561015cd443aba4ec041e174e3) Importer(815301076,1909f56bfc062723c751e8b465ee728b)
Start importing Assets/Scripts/DrawNormals.cs using Guid(fe9dc2561015cd443aba4ec041e174e3) Importer(815301076,1909f56bfc062723c751e8b465ee728b)  -> (artifact id: 'd1c55ca790da64ee9e5294f6095bc896') in 0.002491 seconds 
  Import took 0.006909 seconds .

========================================================================
Received Import Request.
  Time since last request: 0.105860 seconds.
  path: Assets/ArtResources/GenShin House/Tex/Tex_0002.png
  artifactKey: Guid(83e17e2d43009f742bedc363bb095dc7) Importer(815301076,1909f56bfc062723c751e8b465ee728b)
Start importing Assets/ArtResources/GenShin House/Tex/Tex_0002.png using Guid(83e17e2d43009f742bedc363bb095dc7) Importer(815301076,1909f56bfc062723c751e8b465ee728b) Requested RenderTexture with sRGB format. sRGB formats are not supported in gamma mode, fallback to a UNorm format. Use a UNorm format instead of sRGB to silence this warning.
UnityEngine.StackTraceUtility:ExtractStackTrace ()
UnityEngine.RenderTexture:GetTemporary_Internal (UnityEngine.RenderTextureDescriptor)
UnityEngine.RenderTexture:GetTemporary (UnityEngine.RenderTextureDescriptor)
UnityEngine.RenderTexture:GetTemporaryImpl (int,int,int,UnityEngine.Experimental.Rendering.GraphicsFormat,int,UnityEngine.RenderTextureMemoryless,UnityEngine.VRTextureUsage,bool)
UnityEngine.RenderTexture:GetTemporary (int,int,int,UnityEngine.Experimental.Rendering.GraphicsFormat)
UnityEditor.TextureInspector:RenderStaticPreview (string,UnityEngine.Object[],int,int)
UnityEditor.AssetPreviewUpdater:CreatePreviewForAsset (UnityEngine.Object,UnityEngine.Object[],string)

[E:\unity\Runtime/Graphics/RenderTexture.cpp line 934]

 -> (artifact id: '4e3a03453ecf22080f1665e4ba2f9689') in 0.020435 seconds 
  Import took 0.024815 seconds .

========================================================================
Received Import Request.
  Time since last request: 0.014334 seconds.
  path: Assets/ArtResources/ShenliLinghua/tex/sph.png
  artifactKey: Guid(162018d00f5502a40abbbe78d3f110c6) Importer(815301076,1909f56bfc062723c751e8b465ee728b)
Start importing Assets/ArtResources/ShenliLinghua/tex/sph.png using Guid(162018d00f5502a40abbbe78d3f110c6) Importer(815301076,1909f56bfc062723c751e8b465ee728b) Requested RenderTexture with sRGB format. sRGB formats are not supported in gamma mode, fallback to a UNorm format. Use a UNorm format instead of sRGB to silence this warning.
UnityEngine.StackTraceUtility:ExtractStackTrace ()
UnityEngine.RenderTexture:GetTemporary_Internal (UnityEngine.RenderTextureDescriptor)
UnityEngine.RenderTexture:GetTemporary (UnityEngine.RenderTextureDescriptor)
UnityEngine.RenderTexture:GetTemporaryImpl (int,int,int,UnityEngine.Experimental.Rendering.GraphicsFormat,int,UnityEngine.RenderTextureMemoryless,UnityEngine.VRTextureUsage,bool)
UnityEngine.RenderTexture:GetTemporary (int,int,int,UnityEngine.Experimental.Rendering.GraphicsFormat)
UnityEditor.TextureInspector:RenderStaticPreview (string,UnityEngine.Object[],int,int)
UnityEditor.AssetPreviewUpdater:CreatePreviewForAsset (UnityEngine.Object,UnityEngine.Object[],string)

[E:\unity\Runtime/Graphics/RenderTexture.cpp line 934]

 -> (artifact id: '4e6224b281eb3c6217bf699b3ddcdbad') in 0.034740 seconds 
  Import took 0.039386 seconds .

========================================================================
Received Import Request.
  Time since last request: 0.004416 seconds.
  path: Assets/ArtResources/ShenliLinghua/Materials/test.mat
  artifactKey: Guid(bab5b8ce0929bb647864ece0c6f0492c) Importer(815301076,1909f56bfc062723c751e8b465ee728b)
Start importing Assets/ArtResources/ShenliLinghua/Materials/test.mat using Guid(bab5b8ce0929bb647864ece0c6f0492c) Importer(815301076,1909f56bfc062723c751e8b465ee728b)  -> (artifact id: '0e683f741c631c46612cb8da3feaaec8') in 0.424223 seconds 
  Import took 0.430175 seconds .

========================================================================
Received Import Request.
  Time since last request: 0.044954 seconds.
  path: Assets/ArtResources/GenShin House/Tex/Tex_0008.png
  artifactKey: Guid(fbd767d1126e6f949be46c76eb123cd6) Importer(815301076,1909f56bfc062723c751e8b465ee728b)
Start importing Assets/ArtResources/GenShin House/Tex/Tex_0008.png using Guid(fbd767d1126e6f949be46c76eb123cd6) Importer(815301076,1909f56bfc062723c751e8b465ee728b) Requested RenderTexture with sRGB format. sRGB formats are not supported in gamma mode, fallback to a UNorm format. Use a UNorm format instead of sRGB to silence this warning.
UnityEngine.StackTraceUtility:ExtractStackTrace ()
UnityEngine.RenderTexture:GetTemporary_Internal (UnityEngine.RenderTextureDescriptor)
UnityEngine.RenderTexture:GetTemporary (UnityEngine.RenderTextureDescriptor)
UnityEngine.RenderTexture:GetTemporaryImpl (int,int,int,UnityEngine.Experimental.Rendering.GraphicsFormat,int,UnityEngine.RenderTextureMemoryless,UnityEngine.VRTextureUsage,bool)
UnityEngine.RenderTexture:GetTemporary (int,int,int,UnityEngine.Experimental.Rendering.GraphicsFormat)
UnityEditor.TextureInspector:RenderStaticPreview (string,UnityEngine.Object[],int,int)
UnityEditor.AssetPreviewUpdater:CreatePreviewForAsset (UnityEngine.Object,UnityEngine.Object[],string)

[E:\unity\Runtime/Graphics/RenderTexture.cpp line 934]

 -> (artifact id: '234cf508a19d03c878d5121edd368cb5') in 0.012560 seconds 
  Import took 0.017671 seconds .

========================================================================
Received Import Request.
  Time since last request: 0.025525 seconds.
  path: Assets/ArtResources/ShenliLinghua/tex/肌.png
  artifactKey: Guid(ee10514b8bcc2f94b925df50f9805f6b) Importer(815301076,1909f56bfc062723c751e8b465ee728b)
Start importing Assets/ArtResources/ShenliLinghua/tex/肌.png using Guid(ee10514b8bcc2f94b925df50f9805f6b) Importer(815301076,1909f56bfc062723c751e8b465ee728b) Requested RenderTexture with sRGB format. sRGB formats are not supported in gamma mode, fallback to a UNorm format. Use a UNorm format instead of sRGB to silence this warning.
UnityEngine.StackTraceUtility:ExtractStackTrace ()
UnityEngine.RenderTexture:GetTemporary_Internal (UnityEngine.RenderTextureDescriptor)
UnityEngine.RenderTexture:GetTemporary (UnityEngine.RenderTextureDescriptor)
UnityEngine.RenderTexture:GetTemporaryImpl (int,int,int,UnityEngine.Experimental.Rendering.GraphicsFormat,int,UnityEngine.RenderTextureMemoryless,UnityEngine.VRTextureUsage,bool)
UnityEngine.RenderTexture:GetTemporary (int,int,int,UnityEngine.Experimental.Rendering.GraphicsFormat)
UnityEditor.TextureInspector:RenderStaticPreview (string,UnityEngine.Object[],int,int)
UnityEditor.AssetPreviewUpdater:CreatePreviewForAsset (UnityEngine.Object,UnityEngine.Object[],string)

[E:\unity\Runtime/Graphics/RenderTexture.cpp line 934]

 -> (artifact id: '48a497b246394b8cdfe82864c72eb2ab') in 0.048444 seconds 
  Import took 0.053268 seconds .

========================================================================
Received Import Request.
  Time since last request: 0.030117 seconds.
  path: Assets/ArtResources/GenShin House/Tex/Tex_0009.png
  artifactKey: Guid(8d9cd47d5b2dc2041a6e6c52b4656314) Importer(815301076,1909f56bfc062723c751e8b465ee728b)
Start importing Assets/ArtResources/GenShin House/Tex/Tex_0009.png using Guid(8d9cd47d5b2dc2041a6e6c52b4656314) Importer(815301076,1909f56bfc062723c751e8b465ee728b) Requested RenderTexture with sRGB format. sRGB formats are not supported in gamma mode, fallback to a UNorm format. Use a UNorm format instead of sRGB to silence this warning.
UnityEngine.StackTraceUtility:ExtractStackTrace ()
UnityEngine.RenderTexture:GetTemporary_Internal (UnityEngine.RenderTextureDescriptor)
UnityEngine.RenderTexture:GetTemporary (UnityEngine.RenderTextureDescriptor)
UnityEngine.RenderTexture:GetTemporaryImpl (int,int,int,UnityEngine.Experimental.Rendering.GraphicsFormat,int,UnityEngine.RenderTextureMemoryless,UnityEngine.VRTextureUsage,bool)
UnityEngine.RenderTexture:GetTemporary (int,int,int,UnityEngine.Experimental.Rendering.GraphicsFormat)
UnityEditor.TextureInspector:RenderStaticPreview (string,UnityEngine.Object[],int,int)
UnityEditor.AssetPreviewUpdater:CreatePreviewForAsset (UnityEngine.Object,UnityEngine.Object[],string)

[E:\unity\Runtime/Graphics/RenderTexture.cpp line 934]

 -> (artifact id: '7e5033586c117116e91ae4f5a3473a8b') in 0.036496 seconds 
  Import took 0.040719 seconds .

========================================================================
Received Import Request.
  Time since last request: 0.052947 seconds.
  path: Assets/ArtResources/GenShin House/Tex/Tex_0006.png
  artifactKey: Guid(3f3ac537e486c804a8f384000d7b94ca) Importer(815301076,1909f56bfc062723c751e8b465ee728b)
Start importing Assets/ArtResources/GenShin House/Tex/Tex_0006.png using Guid(3f3ac537e486c804a8f384000d7b94ca) Importer(815301076,1909f56bfc062723c751e8b465ee728b) Requested RenderTexture with sRGB format. sRGB formats are not supported in gamma mode, fallback to a UNorm format. Use a UNorm format instead of sRGB to silence this warning.
UnityEngine.StackTraceUtility:ExtractStackTrace ()
UnityEngine.RenderTexture:GetTemporary_Internal (UnityEngine.RenderTextureDescriptor)
UnityEngine.RenderTexture:GetTemporary (UnityEngine.RenderTextureDescriptor)
UnityEngine.RenderTexture:GetTemporaryImpl (int,int,int,UnityEngine.Experimental.Rendering.GraphicsFormat,int,UnityEngine.RenderTextureMemoryless,UnityEngine.VRTextureUsage,bool)
UnityEngine.RenderTexture:GetTemporary (int,int,int,UnityEngine.Experimental.Rendering.GraphicsFormat)
UnityEditor.TextureInspector:RenderStaticPreview (string,UnityEngine.Object[],int,int)
UnityEditor.AssetPreviewUpdater:CreatePreviewForAsset (UnityEngine.Object,UnityEngine.Object[],string)

[E:\unity\Runtime/Graphics/RenderTexture.cpp line 934]

 -> (artifact id: 'ff398cdee6e9f163924e5a2fae5fa64a') in 0.040280 seconds 
  Import took 0.044590 seconds .

========================================================================
Received Import Request.
  Time since last request: 0.082987 seconds.
  path: Assets/ArtResources/GenShin House/House.fbx
  artifactKey: Guid(74fc57d470af73e40a3148b8ae407f24) Importer(815301076,1909f56bfc062723c751e8b465ee728b)
Start importing Assets/ArtResources/GenShin House/House.fbx using Guid(74fc57d470af73e40a3148b8ae407f24) Importer(815301076,1909f56bfc062723c751e8b465ee728b)  -> (artifact id: 'bc82953bd80cc7955f3a6671f51b31af') in 0.422936 seconds 
  Import took 0.428102 seconds .

========================================================================
Received Import Request.
  Time since last request: 0.095870 seconds.
  path: Assets/ArtResources/ShenliLinghua/tex/发.png
  artifactKey: Guid(5aab43cc31561f1468091abed991d1f3) Importer(815301076,1909f56bfc062723c751e8b465ee728b)
Start importing Assets/ArtResources/ShenliLinghua/tex/发.png using Guid(5aab43cc31561f1468091abed991d1f3) Importer(815301076,1909f56bfc062723c751e8b465ee728b) Requested RenderTexture with sRGB format. sRGB formats are not supported in gamma mode, fallback to a UNorm format. Use a UNorm format instead of sRGB to silence this warning.
UnityEngine.StackTraceUtility:ExtractStackTrace ()
UnityEngine.RenderTexture:GetTemporary_Internal (UnityEngine.RenderTextureDescriptor)
UnityEngine.RenderTexture:GetTemporary (UnityEngine.RenderTextureDescriptor)
UnityEngine.RenderTexture:GetTemporaryImpl (int,int,int,UnityEngine.Experimental.Rendering.GraphicsFormat,int,UnityEngine.RenderTextureMemoryless,UnityEngine.VRTextureUsage,bool)
UnityEngine.RenderTexture:GetTemporary (int,int,int,UnityEngine.Experimental.Rendering.GraphicsFormat)
UnityEditor.TextureInspector:RenderStaticPreview (string,UnityEngine.Object[],int,int)
UnityEditor.AssetPreviewUpdater:CreatePreviewForAsset (UnityEngine.Object,UnityEngine.Object[],string)

[E:\unity\Runtime/Graphics/RenderTexture.cpp line 934]

 -> (artifact id: 'b14924fc471b2f9ac669480f5a41b02d') in 0.009195 seconds 
  Import took 0.013699 seconds .

========================================================================
Received Import Request.
  Time since last request: 0.047121 seconds.
  path: Assets/ArtResources/GenShin House/Tex/Tex_0004.png
  artifactKey: Guid(d1d63918231e8124299e9886650af779) Importer(815301076,1909f56bfc062723c751e8b465ee728b)
Start importing Assets/ArtResources/GenShin House/Tex/Tex_0004.png using Guid(d1d63918231e8124299e9886650af779) Importer(815301076,1909f56bfc062723c751e8b465ee728b) Requested RenderTexture with sRGB format. sRGB formats are not supported in gamma mode, fallback to a UNorm format. Use a UNorm format instead of sRGB to silence this warning.
UnityEngine.StackTraceUtility:ExtractStackTrace ()
UnityEngine.RenderTexture:GetTemporary_Internal (UnityEngine.RenderTextureDescriptor)
UnityEngine.RenderTexture:GetTemporary (UnityEngine.RenderTextureDescriptor)
UnityEngine.RenderTexture:GetTemporaryImpl (int,int,int,UnityEngine.Experimental.Rendering.GraphicsFormat,int,UnityEngine.RenderTextureMemoryless,UnityEngine.VRTextureUsage,bool)
UnityEngine.RenderTexture:GetTemporary (int,int,int,UnityEngine.Experimental.Rendering.GraphicsFormat)
UnityEditor.TextureInspector:RenderStaticPreview (string,UnityEngine.Object[],int,int)
UnityEditor.AssetPreviewUpdater:CreatePreviewForAsset (UnityEngine.Object,UnityEngine.Object[],string)

[E:\unity\Runtime/Graphics/RenderTexture.cpp line 934]

 -> (artifact id: '407dadc5cd0d17135635c820ad5acfaf') in 0.010540 seconds 
  Import took 0.014803 seconds .

========================================================================
Received Import Request.
  Time since last request: 0.005467 seconds.
  path: Assets/Materials/BackGroundMaterials/002.mat
  artifactKey: Guid(949fdced2b851b04bbf87be83e098691) Importer(815301076,1909f56bfc062723c751e8b465ee728b)
Start importing Assets/Materials/BackGroundMaterials/002.mat using Guid(949fdced2b851b04bbf87be83e098691) Importer(815301076,1909f56bfc062723c751e8b465ee728b)  -> (artifact id: '6ba84fe1613e5e5ac80a86a67f257dba') in 0.014586 seconds 
  Import took 0.020860 seconds .

========================================================================
Received Import Request.
  Time since last request: 0.005003 seconds.
  path: Assets/Materials/ShenliMaterial/Skin.mat
  artifactKey: Guid(91c8d26e523795e43b4e804bdb4dfdd2) Importer(815301076,1909f56bfc062723c751e8b465ee728b)
Start importing Assets/Materials/ShenliMaterial/Skin.mat using Guid(91c8d26e523795e43b4e804bdb4dfdd2) Importer(815301076,1909f56bfc062723c751e8b465ee728b)  -> (artifact id: '579f9eccfe07387ea2ac3fd538b4b896') in 0.989500 seconds 
  Import took 0.993778 seconds .

========================================================================
Received Import Request.
  Time since last request: 0.004177 seconds.
  path: Assets/ToonShade/Shader/ToonLitLightingEquation.hlsl
  artifactKey: Guid(0336e0145b1347bd840a148c7a477c26) Importer(815301076,1909f56bfc062723c751e8b465ee728b)
Start importing Assets/ToonShade/Shader/ToonLitLightingEquation.hlsl using Guid(0336e0145b1347bd840a148c7a477c26) Importer(815301076,1909f56bfc062723c751e8b465ee728b)  -> (artifact id: 'fc6bdcbb4e7370def0d8aa2105fc5f25') in 0.012852 seconds 
  Import took 0.017521 seconds .

========================================================================
Received Import Request.
  Time since last request: 0.020531 seconds.
  path: Assets/ArtResources/ShenliLinghua/tex/面.png
  artifactKey: Guid(11fb312eb4943884eaa089be4f75aa86) Importer(815301076,1909f56bfc062723c751e8b465ee728b)
Start importing Assets/ArtResources/ShenliLinghua/tex/面.png using Guid(11fb312eb4943884eaa089be4f75aa86) Importer(815301076,1909f56bfc062723c751e8b465ee728b) Requested RenderTexture with sRGB format. sRGB formats are not supported in gamma mode, fallback to a UNorm format. Use a UNorm format instead of sRGB to silence this warning.
UnityEngine.StackTraceUtility:ExtractStackTrace ()
UnityEngine.RenderTexture:GetTemporary_Internal (UnityEngine.RenderTextureDescriptor)
UnityEngine.RenderTexture:GetTemporary (UnityEngine.RenderTextureDescriptor)
UnityEngine.RenderTexture:GetTemporaryImpl (int,int,int,UnityEngine.Experimental.Rendering.GraphicsFormat,int,UnityEngine.RenderTextureMemoryless,UnityEngine.VRTextureUsage,bool)
UnityEngine.RenderTexture:GetTemporary (int,int,int,UnityEngine.Experimental.Rendering.GraphicsFormat)
UnityEditor.TextureInspector:RenderStaticPreview (string,UnityEngine.Object[],int,int)
UnityEditor.AssetPreviewUpdater:CreatePreviewForAsset (UnityEngine.Object,UnityEngine.Object[],string)

[E:\unity\Runtime/Graphics/RenderTexture.cpp line 934]

 -> (artifact id: '13751ad66cad339911b2e0be22fa6cde') in 0.008900 seconds 
  Import took 0.013167 seconds .

========================================================================
Received Import Request.
  Time since last request: 0.053065 seconds.
  path: Assets/Materials/BackGroundMaterials/001.mat
  artifactKey: Guid(46c0c109660610a4fab8afe834370467) Importer(815301076,1909f56bfc062723c751e8b465ee728b)
Start importing Assets/Materials/BackGroundMaterials/001.mat using Guid(46c0c109660610a4fab8afe834370467) Importer(815301076,1909f56bfc062723c751e8b465ee728b)  -> (artifact id: '4337b1c01380cdf700d9b99d412008d0') in 0.010864 seconds 
  Import took 0.015105 seconds .

========================================================================
Received Import Request.
  Time since last request: 0.007157 seconds.
  path: Assets/Scripts/LightRotator.cs
  artifactKey: Guid(38c2ff73df482684ebcb4ed144c0e3e5) Importer(815301076,1909f56bfc062723c751e8b465ee728b)
Start importing Assets/Scripts/LightRotator.cs using Guid(38c2ff73df482684ebcb4ed144c0e3e5) Importer(815301076,1909f56bfc062723c751e8b465ee728b)  -> (artifact id: '1ecf9eb0398a5eb30ee8aa81d1d2fb12') in 0.002548 seconds 
  Import took 0.007352 seconds .

========================================================================
Received Import Request.
  Time since last request: 0.047801 seconds.
  path: Assets/ArtResources/GenShin House/Tex/Tex_0001.png
  artifactKey: Guid(3c98b61b1f771ac409e25f2e7e06373b) Importer(815301076,1909f56bfc062723c751e8b465ee728b)
Start importing Assets/ArtResources/GenShin House/Tex/Tex_0001.png using Guid(3c98b61b1f771ac409e25f2e7e06373b) Importer(815301076,1909f56bfc062723c751e8b465ee728b) Requested RenderTexture with sRGB format. sRGB formats are not supported in gamma mode, fallback to a UNorm format. Use a UNorm format instead of sRGB to silence this warning.
UnityEngine.StackTraceUtility:ExtractStackTrace ()
UnityEngine.RenderTexture:GetTemporary_Internal (UnityEngine.RenderTextureDescriptor)
UnityEngine.RenderTexture:GetTemporary (UnityEngine.RenderTextureDescriptor)
UnityEngine.RenderTexture:GetTemporaryImpl (int,int,int,UnityEngine.Experimental.Rendering.GraphicsFormat,int,UnityEngine.RenderTextureMemoryless,UnityEngine.VRTextureUsage,bool)
UnityEngine.RenderTexture:GetTemporary (int,int,int,UnityEngine.Experimental.Rendering.GraphicsFormat)
UnityEditor.TextureInspector:RenderStaticPreview (string,UnityEngine.Object[],int,int)
UnityEditor.AssetPreviewUpdater:CreatePreviewForAsset (UnityEngine.Object,UnityEngine.Object[],string)

[E:\unity\Runtime/Graphics/RenderTexture.cpp line 934]

 -> (artifact id: 'eaab47f6acf7597156bfc669a6a5e2bd') in 0.008205 seconds 
  Import took 0.012618 seconds .

========================================================================
Received Import Request.
  Time since last request: 0.003859 seconds.
  path: Assets/Materials/ShenliMaterial/Body.mat
  artifactKey: Guid(6d001f1548b4fdc49ac8dd86f85102ae) Importer(815301076,1909f56bfc062723c751e8b465ee728b)
Start importing Assets/Materials/ShenliMaterial/Body.mat using Guid(6d001f1548b4fdc49ac8dd86f85102ae) Importer(815301076,1909f56bfc062723c751e8b465ee728b)  -> (artifact id: 'd714433cae720750ddbd0d5bec12f7b9') in 0.110830 seconds 
  Import took 0.119578 seconds .

========================================================================
Received Import Request.
  Time since last request: 0.005704 seconds.
  path: Assets/Materials/BackGroundMaterials/003.mat
  artifactKey: Guid(0031bc7251296d6438c73ebda9acd92d) Importer(815301076,1909f56bfc062723c751e8b465ee728b)
Start importing Assets/Materials/BackGroundMaterials/003.mat using Guid(0031bc7251296d6438c73ebda9acd92d) Importer(815301076,1909f56bfc062723c751e8b465ee728b)  -> (artifact id: '63fc648dccdb1522360d14df42264dc5') in 0.013921 seconds 
  Import took 0.018742 seconds .

========================================================================
Received Import Request.
  Time since last request: 0.004441 seconds.
  path: Assets/Materials/BackGroundMaterials/009.mat
  artifactKey: Guid(c2549baf32fea2146b3e50d206fa659f) Importer(815301076,1909f56bfc062723c751e8b465ee728b)
Start importing Assets/Materials/BackGroundMaterials/009.mat using Guid(c2549baf32fea2146b3e50d206fa659f) Importer(815301076,1909f56bfc062723c751e8b465ee728b)  -> (artifact id: 'a9d1a4a89585b12e08e1e5ce39038246') in 0.011532 seconds 
  Import took 0.015840 seconds .

========================================================================
Received Import Request.
  Time since last request: 0.004433 seconds.
  path: Assets/Materials/BackGroundMaterials/006.mat
  artifactKey: Guid(72f5f1b16aa313e4a894d61e9654664b) Importer(815301076,1909f56bfc062723c751e8b465ee728b)
Start importing Assets/Materials/BackGroundMaterials/006.mat using Guid(72f5f1b16aa313e4a894d61e9654664b) Importer(815301076,1909f56bfc062723c751e8b465ee728b)  -> (artifact id: '7a1e1173a4694f7768022e4f583676e7') in 0.011484 seconds 
  Import took 0.016499 seconds .

========================================================================
Received Import Request.
  Time since last request: 0.014867 seconds.
  path: Assets/Scripts/CameraMovementPC.cs
  artifactKey: Guid(3fcb5051cef427b4a8513dbd7184a15c) Importer(815301076,1909f56bfc062723c751e8b465ee728b)
Start importing Assets/Scripts/CameraMovementPC.cs using Guid(3fcb5051cef427b4a8513dbd7184a15c) Importer(815301076,1909f56bfc062723c751e8b465ee728b)  -> (artifact id: 'd3b3d23b0378ce4ef6dd4c7f5d9a085f') in 0.002680 seconds 
  Import took 0.006769 seconds .

========================================================================
Received Import Request.
  Time since last request: 2619.917215 seconds.
  path: Assets/ArtResources/GenShin House/Tex/Tex_0001_G.png
  artifactKey: Guid(d33aa65cf45c6d7498f751ef1f25ce61) Importer(815301076,1909f56bfc062723c751e8b465ee728b)
Start importing Assets/ArtResources/GenShin House/Tex/Tex_0001_G.png using Guid(d33aa65cf45c6d7498f751ef1f25ce61) Importer(815301076,1909f56bfc062723c751e8b465ee728b) Requested RenderTexture with sRGB format. sRGB formats are not supported in gamma mode, fallback to a UNorm format. Use a UNorm format instead of sRGB to silence this warning.
UnityEngine.StackTraceUtility:ExtractStackTrace ()
UnityEngine.RenderTexture:GetTemporary_Internal (UnityEngine.RenderTextureDescriptor)
UnityEngine.RenderTexture:GetTemporary (UnityEngine.RenderTextureDescriptor)
UnityEngine.RenderTexture:GetTemporaryImpl (int,int,int,UnityEngine.Experimental.Rendering.GraphicsFormat,int,UnityEngine.RenderTextureMemoryless,UnityEngine.VRTextureUsage,bool)
UnityEngine.RenderTexture:GetTemporary (int,int,int,UnityEngine.Experimental.Rendering.GraphicsFormat)
UnityEditor.TextureInspector:RenderStaticPreview (string,UnityEngine.Object[],int,int)
UnityEditor.AssetPreviewUpdater:CreatePreviewForAsset (UnityEngine.Object,UnityEngine.Object[],string)

[E:\unity\Runtime/Graphics/RenderTexture.cpp line 934]

 -> (artifact id: 'f4b8f228943c1f3d19ce2e79c3043527') in 0.112222 seconds 
  Import took 0.147082 seconds .

========================================================================
Received Import Request.
  Time since last request: 0.017701 seconds.
  path: Assets/ArtResources/GenShin House/Tex/Tex_0001_G.png
  artifactKey: Guid(d33aa65cf45c6d7498f751ef1f25ce61) Importer(815301076,1909f56bfc062723c751e8b465ee728b)
Start importing Assets/ArtResources/GenShin House/Tex/Tex_0001_G.png using Guid(d33aa65cf45c6d7498f751ef1f25ce61) Importer(815301076,1909f56bfc062723c751e8b465ee728b) Requested RenderTexture with sRGB format. sRGB formats are not supported in gamma mode, fallback to a UNorm format. Use a UNorm format instead of sRGB to silence this warning.
UnityEngine.StackTraceUtility:ExtractStackTrace ()
UnityEngine.RenderTexture:GetTemporary_Internal (UnityEngine.RenderTextureDescriptor)
UnityEngine.RenderTexture:GetTemporary (UnityEngine.RenderTextureDescriptor)
UnityEngine.RenderTexture:GetTemporaryImpl (int,int,int,UnityEngine.Experimental.Rendering.GraphicsFormat,int,UnityEngine.RenderTextureMemoryless,UnityEngine.VRTextureUsage,bool)
UnityEngine.RenderTexture:GetTemporary (int,int,int,UnityEngine.Experimental.Rendering.GraphicsFormat)
UnityEditor.TextureInspector:RenderStaticPreview (string,UnityEngine.Object[],int,int)
UnityEditor.AssetPreviewUpdater:CreatePreviewForAsset (UnityEngine.Object,UnityEngine.Object[],string)

[E:\unity\Runtime/Graphics/RenderTexture.cpp line 934]

 -> (artifact id: 'f4b8f228943c1f3d19ce2e79c3043527') in 0.011503 seconds 
  Import took 0.017338 seconds .

========================================================================
Received Import Request.
  Time since last request: 1.670972 seconds.
  path: Assets/ArtResources/GenShin House/Tex/Tex_0001_N.png
  artifactKey: Guid(82964bd15fb687f4aa89a67e288f270a) Importer(815301076,1909f56bfc062723c751e8b465ee728b)
Start importing Assets/ArtResources/GenShin House/Tex/Tex_0001_N.png using Guid(82964bd15fb687f4aa89a67e288f270a) Importer(815301076,1909f56bfc062723c751e8b465ee728b) Requested RenderTexture with sRGB format. sRGB formats are not supported in gamma mode, fallback to a UNorm format. Use a UNorm format instead of sRGB to silence this warning.
UnityEngine.StackTraceUtility:ExtractStackTrace ()
UnityEngine.RenderTexture:GetTemporary_Internal (UnityEngine.RenderTextureDescriptor)
UnityEngine.RenderTexture:GetTemporary (UnityEngine.RenderTextureDescriptor)
UnityEngine.RenderTexture:GetTemporaryImpl (int,int,int,UnityEngine.Experimental.Rendering.GraphicsFormat,int,UnityEngine.RenderTextureMemoryless,UnityEngine.VRTextureUsage,bool)
UnityEngine.RenderTexture:GetTemporary (int,int,int,UnityEngine.Experimental.Rendering.GraphicsFormat)
UnityEditor.TextureInspector:RenderStaticPreview (string,UnityEngine.Object[],int,int)
UnityEditor.AssetPreviewUpdater:CreatePreviewForAsset (UnityEngine.Object,UnityEngine.Object[],string)

[E:\unity\Runtime/Graphics/RenderTexture.cpp line 934]

 -> (artifact id: 'a2f29347f90d03368131727c98b353ce') in 0.030841 seconds 
  Import took 0.035722 seconds .

========================================================================
Received Prepare
Shader 'Universal Render Pipeline/Particles/Lit': fallback shader 'Universal Render Pipeline/Particles/SimpleLit' not found
Refreshing native plugins compatible for Editor in 64.44 ms, found 2 plugins.
Preloading 0 native plugins for Editor in 0.00 ms.
Unloading 40 Unused Serialized files (Serialized files now loaded: 0)
System memory in use before: 91.6 MB.
System memory in use after: 89.8 MB.

Unloading 40 unused Assets to reduce memory usage. Loaded Objects now: 3497.
Total: 66.914400 ms (FindLiveObjects: 0.313600 ms CreateObjectMapping: 0.103600 ms MarkObjects: 65.555600 ms  DeleteObjects: 0.939800 ms)

AssetImportParameters requested are different than current active one (requested -> active):
  custom:framework-win-MediaFoundation: 216162199b28c13a410421893ffa2e32 -> 
  custom:video-decoder-ogg-theora: a1e56fd34408186e4bbccfd4996cb3dc -> 
  custom:container-muxer-webm: aa71ff27fc2769a1b78a27578f13a17b -> 
  custom:container-demuxer-webm: 4f35f7cbe854078d1ac9338744f61a02 -> 
  custom:container-demuxer-ogg: 62fdf1f143b41e24485cea50d1cbac27 -> 
  custom:video-encoder-webm-vp8: eb34c28f22e8b96e1ab97ce403110664 -> 
  custom:video-decoder-webm-vp8: 9c59270c3fd7afecdb556c50c9e8de78 -> 
  custom:audio-decoder-ogg-vorbis: bf7c407c2cedff20999df2af8eb42d56 -> 
  custom:audio-encoder-webm-vorbis: bf7c407c2cedff20999df2af8eb42d56 -> 
========================================================================
Received Prepare
Registering precompiled user dll's ...
Registered in 0.071866 seconds.
Begin MonoManager ReloadAssembly
Native extension for WindowsStandalone target not found
Native extension for WebGL target not found
Refreshing native plugins compatible for Editor in 0.59 ms, found 2 plugins.
Preloading 0 native plugins for Editor in 0.00 ms.
Mono: successfully reloaded assembly
- Completed reload, in  3.402 seconds
Domain Reload Profiling:
	ReloadAssembly (3414ms)
		BeginReloadAssembly (892ms)
			ExecutionOrderSort (0ms)
			DisableScriptedObjects (88ms)
			BackupInstance (0ms)
			ReleaseScriptingObjects (0ms)
			CreateAndSetChildDomain (428ms)
		EndReloadAssembly (2448ms)
			LoadAssemblies (364ms)
			RebuildTransferFunctionScriptingTraits (0ms)
			SetupTypeCache (994ms)
			ReleaseScriptCaches (1ms)
			RebuildScriptCaches (96ms)
			SetupLoadedEditorAssemblies (592ms)
				LogAssemblyErrors (0ms)
				InitializePlatformSupportModulesInManaged (54ms)
				SetLoadedEditorAssemblies (2ms)
				RefreshPlugins (1ms)
				BeforeProcessingInitializeOnLoad (184ms)
				ProcessInitializeOnLoadAttributes (342ms)
				ProcessInitializeOnLoadMethodAttributes (5ms)
				AfterProcessingInitializeOnLoad (4ms)
				EditorAssembliesLoaded (0ms)
			ExecutionOrderSort2 (0ms)
			AwakeInstancesAfterBackupRestoration (16ms)
Platform modules already initialized, skipping
Shader 'Universal Render Pipeline/Particles/Lit': fallback shader 'Universal Render Pipeline/Particles/SimpleLit' not found
Refreshing native plugins compatible for Editor in 0.59 ms, found 2 plugins.
Preloading 0 native plugins for Editor in 0.00 ms.
Unloading 2822 Unused Serialized files (Serialized files now loaded: 0)
System memory in use before: 145.7 MB.
System memory in use after: 143.9 MB.

Unloading 43 unused Assets to reduce memory usage. Loaded Objects now: 3474.
Total: 3.537500 ms (FindLiveObjects: 0.244900 ms CreateObjectMapping: 0.117300 ms MarkObjects: 2.439800 ms  DeleteObjects: 0.733900 ms)

AssetImportParameters requested are different than current active one (requested -> active):
  custom:framework-win-MediaFoundation: 216162199b28c13a410421893ffa2e32 -> 
  custom:video-decoder-ogg-theora: a1e56fd34408186e4bbccfd4996cb3dc -> 
  custom:container-muxer-webm: aa71ff27fc2769a1b78a27578f13a17b -> 
  custom:container-demuxer-webm: 4f35f7cbe854078d1ac9338744f61a02 -> 
  custom:container-demuxer-ogg: 62fdf1f143b41e24485cea50d1cbac27 -> 
  custom:video-encoder-webm-vp8: eb34c28f22e8b96e1ab97ce403110664 -> 
  custom:video-decoder-webm-vp8: 9c59270c3fd7afecdb556c50c9e8de78 -> 
  custom:audio-decoder-ogg-vorbis: bf7c407c2cedff20999df2af8eb42d56 -> 
  custom:audio-encoder-webm-vorbis: bf7c407c2cedff20999df2af8eb42d56 -> 
========================================================================
Received Prepare
Shader 'Universal Render Pipeline/Particles/Lit': fallback shader 'Universal Render Pipeline/Particles/SimpleLit' not found
Refreshing native plugins compatible for Editor in 4.67 ms, found 2 plugins.
Preloading 0 native plugins for Editor in 0.00 ms.
Unloading 40 Unused Serialized files (Serialized files now loaded: 0)
System memory in use before: 90.8 MB.
System memory in use after: 89.0 MB.

Unloading 40 unused Assets to reduce memory usage. Loaded Objects now: 3474.
Total: 3.730800 ms (FindLiveObjects: 0.332300 ms CreateObjectMapping: 0.107300 ms MarkObjects: 2.631200 ms  DeleteObjects: 0.659200 ms)

AssetImportParameters requested are different than current active one (requested -> active):
  custom:framework-win-MediaFoundation: 216162199b28c13a410421893ffa2e32 -> 
  custom:video-decoder-ogg-theora: a1e56fd34408186e4bbccfd4996cb3dc -> 
  custom:container-muxer-webm: aa71ff27fc2769a1b78a27578f13a17b -> 
  custom:container-demuxer-webm: 4f35f7cbe854078d1ac9338744f61a02 -> 
  custom:container-demuxer-ogg: 62fdf1f143b41e24485cea50d1cbac27 -> 
  custom:video-encoder-webm-vp8: eb34c28f22e8b96e1ab97ce403110664 -> 
  custom:video-decoder-webm-vp8: 9c59270c3fd7afecdb556c50c9e8de78 -> 
  custom:audio-decoder-ogg-vorbis: bf7c407c2cedff20999df2af8eb42d56 -> 
  custom:audio-encoder-webm-vorbis: bf7c407c2cedff20999df2af8eb42d56 -> 
========================================================================
Received Prepare
Shader 'Universal Render Pipeline/Particles/Lit': fallback shader 'Universal Render Pipeline/Particles/SimpleLit' not found
Refreshing native plugins compatible for Editor in 7.62 ms, found 2 plugins.
Preloading 0 native plugins for Editor in 0.00 ms.
Unloading 40 Unused Serialized files (Serialized files now loaded: 0)
System memory in use before: 90.8 MB.
System memory in use after: 89.0 MB.

Unloading 40 unused Assets to reduce memory usage. Loaded Objects now: 3474.
Total: 4.739800 ms (FindLiveObjects: 0.480500 ms CreateObjectMapping: 0.330200 ms MarkObjects: 3.228000 ms  DeleteObjects: 0.700000 ms)

AssetImportParameters requested are different than current active one (requested -> active):
  custom:framework-win-MediaFoundation: 216162199b28c13a410421893ffa2e32 -> 
  custom:video-decoder-ogg-theora: a1e56fd34408186e4bbccfd4996cb3dc -> 
  custom:container-muxer-webm: aa71ff27fc2769a1b78a27578f13a17b -> 
  custom:container-demuxer-webm: 4f35f7cbe854078d1ac9338744f61a02 -> 
  custom:container-demuxer-ogg: 62fdf1f143b41e24485cea50d1cbac27 -> 
  custom:video-encoder-webm-vp8: eb34c28f22e8b96e1ab97ce403110664 -> 
  custom:video-decoder-webm-vp8: 9c59270c3fd7afecdb556c50c9e8de78 -> 
  custom:audio-decoder-ogg-vorbis: bf7c407c2cedff20999df2af8eb42d56 -> 
  custom:audio-encoder-webm-vorbis: bf7c407c2cedff20999df2af8eb42d56 -> 
